<?xml version="1.0" encoding="UTF-8"?>
<!-- Generated by org.testng.reporters.JUnitReportReporter -->
<testsuite hostname="Yazh" failures="0" tests="2" name="testCases.TC002_LoginTest" time="3.225" errors="0" timestamp="2025-09-22T19:21:41 IST" skipped="0">
  <testcase classname="testCases.TC002_LoginTest" name="verify_login" time="1.543"/>
  <testcase classname="testCases.TC002_LoginTest" name="verify_login" time="1.682"/>
</testsuite> <!-- testCases.TC002_LoginTest -->
