<?xml version="1.0" encoding="UTF-8"?>
<!-- Generated by org.testng.reporters.JUnitReportReporter -->
<testsuite hostname="Yazh" failures="0" tests="2" name="testCases.TC001_AccountRegistrationTest" time="4.931" errors="0" timestamp="2025-09-22T19:21:41 IST" skipped="0">
  <testcase classname="testCases.TC001_AccountRegistrationTest" name="verify_account_registration" time="2.559"/>
  <testcase classname="testCases.TC001_AccountRegistrationTest" name="verify_account_registration" time="2.372"/>
</testsuite> <!-- testCases.TC001_AccountRegistrationTest -->
