<?xml version="1.0" encoding="UTF-8"?>
<!-- Generated by org.testng.reporters.JUnitReportReporter -->
<testsuite hostname="Yazh" failures="0" tests="1" name="testCases.TC001_AccountRegistrationTest" time="2.023" errors="0" timestamp="2025-09-23T11:22:31 IST" skipped="0">
  <testcase classname="testCases.TC001_AccountRegistrationTest" name="verify_account_registration" time="2.023"/>
</testsuite> <!-- testCases.TC001_AccountRegistrationTest -->
